#
# A fatal error has been detected by the Java Runtime Environment:
#
#  EXCEPTION_UNCAUGHT_CXX_EXCEPTION (0xe06d7363) at pc=0x000007fefd8ba06d, pid=5004, tid=0x000000000000045c
#
# JRE version: Java(TM) SE Runtime Environment (8.0_161-b12) (build 1.8.0_161-b12)
# Java VM: Java HotSpot(TM) 64-Bit Server VM (25.161-b12 mixed mode windows-amd64 compressed oops)
# Problematic frame:
# C  [KERNELBASE.dll+0x1a06d]
#
# Failed to write core dump. Minidumps are not enabled by default on client versions of Windows
#
# If you would like to submit a bug report, please visit:
#   http://bugreport.java.com/bugreport/crash.jsp
# The crash happened outside the Java Virtual Machine in native code.
# See problematic frame for where to report the bug.
#

---------------  T H R E A D  ---------------

Current thread (0x00000000568a6800):  JavaThread "AWT-EventQueue-0" [_thread_in_native, id=1116, stack(0x0000000057700000,0x0000000057800000)]

siginfo: ExceptionCode=0xe06d7363, ExceptionInformation=0x0000000019930520 0x00000000577fb600 0x000007fee841fb38 0x000007fee8170000 

Registers:
RAX=0x00000000227fc727, RBX=0x00000000577fc6d0, RCX=0x00000000577fae50, RDX=0x00000000000000d0
RSP=0x00000000577fb460, RBP=0x00000000577fb590, RSI=0x000007fee841fb38, RDI=0x0000000000000065
R8 =0x0000000000000000, R9 =0x0000000000000000, R10=0x000007fee8170000, R11=0x00000000577fb4a0
R12=0x00000000ffffff29, R13=0x0000000000000000, R14=0x00000000577fb600, R15=0x00000000577fc7d0
RIP=0x000007fefd8ba06d, EFLAGS=0x0000000000000206

Top of Stack: (sp=0x00000000577fb460)
0x00000000577fb460:   00000000577fc6d0 000007fee841fb38
0x00000000577fb470:   0000000000000065 0000000000000000
0x00000000577fb480:   00000001e06d7363 0000000000000000
0x00000000577fb490:   000007fefd8ba06d 000007fe00000004
0x00000000577fb4a0:   0000000019930520 00000000577fb600
0x00000000577fb4b0:   000007fee841fb38 000007fee8170000
0x00000000577fb4c0:   0000000000000002 00000000577fb548
0x00000000577fb4d0:   00000000577fc7d0 000007fee8386c10
0x00000000577fb4e0:   00000000583da8b0 000007feecd7741f
0x00000000577fb4f0:   000007fe00000002 000007feece55510
0x00000000577fb500:   00000000577fb600 0000000000000000
0x00000000577fb510:   00000000ffffff29 0000000000000065
0x00000000577fb520:   000007fee841fb38 000007fef5d246e2
0x00000000577fb530:   00000000577fc6d0 00000000577fb5b0
0x00000000577fb540:   0000000000000001 000007fee8170118
0x00000000577fb550:   00000001e06d7363 0000000000000000 

Instructions: (pc=0x000007fefd8ba06d)
0x000007fefd8ba04d:   54 24 24 48 89 4c 24 28 4d 85 c9 0f 85 6a 03 00
0x000007fefd8ba05d:   00 89 4c 24 38 48 8d 4c 24 20 ff 15 33 02 03 00
0x000007fefd8ba06d:   48 81 c4 c8 00 00 00 c3 90 90 90 90 90 90 90 90
0x000007fefd8ba07d:   90 90 90 48 83 ec 28 65 48 8b 04 25 30 00 00 00 


Register to memory mapping:

RAX=0x00000000227fc727 is an unknown value
RBX=0x00000000577fc6d0 is pointing into the stack for thread: 0x00000000568a6800
RCX=0x00000000577fae50 is pointing into the stack for thread: 0x00000000568a6800
RDX=0x00000000000000d0 is an unknown value
RSP=0x00000000577fb460 is pointing into the stack for thread: 0x00000000568a6800
RBP=0x00000000577fb590 is pointing into the stack for thread: 0x00000000568a6800
RSI=0x000007fee841fb38 is an unknown value
RDI=0x0000000000000065 is an unknown value
R8 =0x0000000000000000 is an unknown value
R9 =0x0000000000000000 is an unknown value
R10=0x000007fee8170000 is an unknown value
R11=0x00000000577fb4a0 is pointing into the stack for thread: 0x00000000568a6800
R12=0x00000000ffffff29 is an unallocated location in the heap
R13=0x0000000000000000 is an unknown value
R14=0x00000000577fb600 is pointing into the stack for thread: 0x00000000568a6800
R15=0x00000000577fc7d0 is pointing into the stack for thread: 0x00000000568a6800


Stack: [0x0000000057700000,0x0000000057800000],  sp=0x00000000577fb460,  free space=1005k
Native frames: (J=compiled Java code, j=interpreted, Vv=VM code, C=native code)
C  [KERNELBASE.dll+0x1a06d]
C  [VCRUNTIME140.dll+0x46e2]
C  0x000007fee83250fa
C  0x000007fee832524a
C  0x000007fee8265123
C  0x000007fee6aa3a33
C  0x0000000002506527

Java frames: (J=compiled Java code, j=interpreted, Vv=VM code)
j  org.bytedeco.javacpp.opencv_core.cvKMeans2(Lorg/bytedeco/javacpp/helper/opencv_core$CvArr;ILorg/bytedeco/javacpp/helper/opencv_core$CvArr;Lorg/bytedeco/javacpp/opencv_core$CvTermCriteria;I[JILorg/bytedeco/javacpp/helper/opencv_core$CvArr;[D)I+0
j  IEv2.IEv2UI.CuantizacionActionPerformed(Ljava/awt/event/ActionEvent;)V+295
j  IEv2.IEv2UI.access$100(LIEv2/IEv2UI;Ljava/awt/event/ActionEvent;)V+2
j  IEv2.IEv2UI$2.actionPerformed(Ljava/awt/event/ActionEvent;)V+5
j  javax.swing.JComboBox.fireActionEvent()V+126
j  javax.swing.JComboBox.setSelectedItem(Ljava/lang/Object;)V+134
j  javax.swing.JComboBox.setSelectedIndex(I)V+76
j  javax.swing.plaf.basic.BasicComboPopup$Handler.mouseReleased(Ljava/awt/event/MouseEvent;)V+97
j  java.awt.AWTEventMulticaster.mouseReleased(Ljava/awt/event/MouseEvent;)V+21
j  java.awt.Component.processMouseEvent(Ljava/awt/event/MouseEvent;)V+64
j  javax.swing.JComponent.processMouseEvent(Ljava/awt/event/MouseEvent;)V+23
j  javax.swing.plaf.basic.BasicComboPopup$1.processMouseEvent(Ljava/awt/event/MouseEvent;)V+70
J 1731 C1 java.awt.Component.processEvent(Ljava/awt/AWTEvent;)V (220 bytes) @ 0x0000000002ad2f64 [0x0000000002ad2a60+0x504]
J 1276 C1 java.awt.Container.processEvent(Ljava/awt/AWTEvent;)V (22 bytes) @ 0x000000000291dc34 [0x000000000291d920+0x314]
J 1245 C1 java.awt.Component.dispatchEventImpl(Ljava/awt/AWTEvent;)V (883 bytes) @ 0x0000000002903d14 [0x00000000028fe9c0+0x5354]
J 1081 C1 java.awt.Container.dispatchEventImpl(Ljava/awt/AWTEvent;)V (129 bytes) @ 0x000000000286a8c4 [0x000000000286a780+0x144]
J 1732 C1 java.awt.LightweightDispatcher.retargetMouseEvent(Ljava/awt/Component;ILjava/awt/event/MouseEvent;)V (350 bytes) @ 0x0000000002ad70c4 [0x0000000002ad4c40+0x2484]
J 1727 C1 java.awt.LightweightDispatcher.processMouseEvent(Ljava/awt/event/MouseEvent;)Z (286 bytes) @ 0x0000000002acfde4 [0x0000000002ace740+0x16a4]
J 1259 C1 java.awt.LightweightDispatcher.dispatchEvent(Ljava/awt/AWTEvent;)Z (73 bytes) @ 0x0000000002912324 [0x0000000002911f00+0x424]
J 1081 C1 java.awt.Container.dispatchEventImpl(Ljava/awt/AWTEvent;)V (129 bytes) @ 0x000000000286a864 [0x000000000286a780+0xe4]
J 1705 C1 java.awt.Window.dispatchEventImpl(Ljava/awt/AWTEvent;)V (23 bytes) @ 0x0000000002ac0efc [0x0000000002ac0940+0x5bc]
J 1136 C1 java.awt.EventQueue.dispatchEventImpl(Ljava/awt/AWTEvent;Ljava/lang/Object;)V (149 bytes) @ 0x00000000028bc84c [0x00000000028bb080+0x17cc]
J 1096 C1 java.awt.EventQueue$3.run()Ljava/lang/Void; (60 bytes) @ 0x0000000002873044 [0x0000000002872e40+0x204]
J 776 C1 java.awt.EventQueue$3.run()Ljava/lang/Object; (5 bytes) @ 0x00000000027ad38c [0x00000000027ad300+0x8c]
v  ~StubRoutines::call_stub
J 747  java.security.AccessController.doPrivileged(Ljava/security/PrivilegedAction;Ljava/security/AccessControlContext;)Ljava/lang/Object; (0 bytes) @ 0x00000000027a2326 [0x00000000027a22c0+0x66]
J 1123 C1 java.awt.EventQueue$4.run()Ljava/lang/Object; (5 bytes) @ 0x00000000028b00ec [0x00000000028afcc0+0x42c]
v  ~StubRoutines::call_stub
J 747  java.security.AccessController.doPrivileged(Ljava/security/PrivilegedAction;Ljava/security/AccessControlContext;)Ljava/lang/Object; (0 bytes) @ 0x00000000027a2326 [0x00000000027a22c0+0x66]
J 774 C1 java.awt.EventQueue.dispatchEvent(Ljava/awt/AWTEvent;)V (80 bytes) @ 0x00000000027ac374 [0x00000000027ab540+0xe34]
J 780 C1 java.awt.EventDispatchThread.pumpOneEventForFilters(I)V (295 bytes) @ 0x00000000027b0274 [0x00000000027ae780+0x1af4]
j  java.awt.EventDispatchThread.pumpEventsForFilter(ILjava/awt/Conditional;Ljava/awt/EventFilter;)V+35
j  java.awt.EventDispatchThread.pumpEventsForHierarchy(ILjava/awt/Conditional;Ljava/awt/Component;)V+11
j  java.awt.EventDispatchThread.pumpEvents(ILjava/awt/Conditional;)V+4
j  java.awt.EventDispatchThread.pumpEvents(Ljava/awt/Conditional;)V+3
j  java.awt.EventDispatchThread.run()V+9
v  ~StubRoutines::call_stub

---------------  P R O C E S S  ---------------

Java Threads: ( => current thread )
  0x000000005988c000 JavaThread "JavaCPP Deallocator" daemon [_thread_blocked, id=7748, stack(0x000000005b010000,0x000000005b110000)]
  0x0000000056969800 JavaThread "Swing-Shell" daemon [_thread_blocked, id=2256, stack(0x0000000058220000,0x0000000058320000)]
  0x0000000056961000 JavaThread "TimerQueue" daemon [_thread_blocked, id=7092, stack(0x0000000057e90000,0x0000000057f90000)]
  0x000000000017f800 JavaThread "DestroyJavaVM" [_thread_blocked, id=7872, stack(0x0000000002120000,0x0000000002220000)]
=>0x00000000568a6800 JavaThread "AWT-EventQueue-0" [_thread_in_native, id=1116, stack(0x0000000057700000,0x0000000057800000)]
  0x000000005682c000 JavaThread "AWT-Windows" daemon [_thread_in_native, id=6840, stack(0x0000000057050000,0x0000000057150000)]
  0x0000000056825000 JavaThread "AWT-Shutdown" [_thread_blocked, id=5212, stack(0x0000000056df0000,0x0000000056ef0000)]
  0x0000000056824000 JavaThread "Java2D Disposer" daemon [_thread_blocked, id=6572, stack(0x0000000056c90000,0x0000000056d90000)]
  0x0000000054a71000 JavaThread "Service Thread" daemon [_thread_blocked, id=6040, stack(0x0000000055e80000,0x0000000055f80000)]
  0x0000000054a6b000 JavaThread "C1 CompilerThread1" daemon [_thread_blocked, id=3792, stack(0x0000000055cb0000,0x0000000055db0000)]
  0x0000000054a66800 JavaThread "C2 CompilerThread0" daemon [_thread_blocked, id=7356, stack(0x0000000055b10000,0x0000000055c10000)]
  0x0000000054a76000 JavaThread "Attach Listener" daemon [_thread_blocked, id=2412, stack(0x0000000055920000,0x0000000055a20000)]
  0x0000000054a75000 JavaThread "Signal Dispatcher" daemon [_thread_blocked, id=3940, stack(0x00000000557e0000,0x00000000558e0000)]
  0x0000000054a52000 JavaThread "Finalizer" daemon [_thread_blocked, id=3424, stack(0x00000000556e0000,0x00000000557e0000)]
  0x0000000054a08800 JavaThread "Reference Handler" daemon [_thread_blocked, id=1860, stack(0x00000000554f0000,0x00000000555f0000)]

Other Threads:
  0x0000000054a00800 VMThread [stack: 0x0000000055380000,0x0000000055480000] [id=6580]
  0x0000000054ace000 WatcherThread [stack: 0x0000000056380000,0x0000000056480000] [id=2452]

VM state:not at safepoint (normal execution)

VM Mutex/Monitor currently owned by a thread: None

Heap:
 PSYoungGen      total 35328K, used 4483K [0x00000000eb300000, 0x00000000eff00000, 0x0000000100000000)
  eden space 32768K, 5% used [0x00000000eb300000,0x00000000eb4e1a00,0x00000000ed300000)
  from space 2560K, 99% used [0x00000000ed300000,0x00000000ed57f5a8,0x00000000ed580000)
  to   space 6144K, 0% used [0x00000000ef900000,0x00000000ef900000,0x00000000eff00000)
 ParOldGen       total 44032K, used 6114K [0x00000000c1800000, 0x00000000c4300000, 0x00000000eb300000)
  object space 44032K, 13% used [0x00000000c1800000,0x00000000c1df88e0,0x00000000c4300000)
 Metaspace       used 17163K, capacity 17354K, committed 17664K, reserved 1064960K
  class space    used 2119K, capacity 2197K, committed 2304K, reserved 1048576K

Card table byte_map: [0x00000000118b0000,0x0000000011ab0000] byte_map_base: 0x00000000112a4000

Marking Bits: (ParMarkBitMap*) 0x0000000062b8f860
 Begin Bits: [0x0000000011f90000, 0x0000000012f30000)
 End Bits:   [0x0000000012f30000, 0x0000000013ed0000)

Polling page: 0x0000000000130000

CodeCache: size=245760Kb used=6351Kb max_used=6368Kb free=239408Kb
 bounds [0x00000000024f0000, 0x0000000002b30000, 0x00000000114f0000]
 total_blobs=2447 nmethods=1833 adapters=527
 compilation: enabled

Compilation events (10 events):
Event: 24.583 Thread 0x0000000054a6b000 nmethod 1830 0x0000000002b1c410 code [0x0000000002b1c5c0, 0x0000000002b1ce58]
Event: 24.585 Thread 0x0000000054a6b000 1831   !   3       com.sun.proxy.$Proxy1::value (29 bytes)
Event: 24.585 Thread 0x0000000054a6b000 nmethod 1831 0x0000000002b18810 code [0x0000000002b189a0, 0x0000000002b18d78]
Event: 24.595 Thread 0x0000000054a6b000 1832       3       sun.util.calendar.ZoneInfo::getTransitionIndex (156 bytes)
Event: 24.596 Thread 0x0000000054a6b000 nmethod 1832 0x0000000002b1d210 code [0x0000000002b1d3a0, 0x0000000002b1d870]
Event: 24.620 Thread 0x0000000054a66800 nmethod 1821 0x0000000002b232d0 code [0x0000000002b23560, 0x0000000002b25f38]
Event: 24.620 Thread 0x0000000054a66800 1822 %     4       sun.nio.fs.WindowsPathParser::normalize @ 18 (233 bytes)
Event: 24.633 Thread 0x0000000054a6b000 1833       1       sun.nio.fs.NativeBuffer::address (5 bytes)
Event: 24.633 Thread 0x0000000054a6b000 nmethod 1833 0x0000000002b18550 code [0x0000000002b186a0, 0x0000000002b187b0]
Event: 24.715 Thread 0x0000000054a66800 nmethod 1822% 0x0000000002b296d0 code [0x0000000002b298c0, 0x0000000002b2b138]

GC Heap History (10 events):
Event: 8.252 GC heap before
{Heap before GC invocations=1 (full 0):
 PSYoungGen      total 18944K, used 16384K [0x00000000eb300000, 0x00000000ec800000, 0x0000000100000000)
  eden space 16384K, 100% used [0x00000000eb300000,0x00000000ec300000,0x00000000ec300000)
  from space 2560K, 0% used [0x00000000ec580000,0x00000000ec580000,0x00000000ec800000)
  to   space 2560K, 0% used [0x00000000ec300000,0x00000000ec300000,0x00000000ec580000)
 ParOldGen       total 44032K, used 0K [0x00000000c1800000, 0x00000000c4300000, 0x00000000eb300000)
  object space 44032K, 0% used [0x00000000c1800000,0x00000000c1800000,0x00000000c4300000)
 Metaspace       used 13944K, capacity 14212K, committed 14464K, reserved 1062912K
  class space    used 1813K, capacity 1876K, committed 1920K, reserved 1048576K
Event: 8.266 GC heap after
Heap after GC invocations=1 (full 0):
 PSYoungGen      total 18944K, used 2548K [0x00000000eb300000, 0x00000000ec800000, 0x0000000100000000)
  eden space 16384K, 0% used [0x00000000eb300000,0x00000000eb300000,0x00000000ec300000)
  from space 2560K, 99% used [0x00000000ec300000,0x00000000ec57d000,0x00000000ec580000)
  to   space 2560K, 0% used [0x00000000ec580000,0x00000000ec580000,0x00000000ec800000)
 ParOldGen       total 44032K, used 3479K [0x00000000c1800000, 0x00000000c4300000, 0x00000000eb300000)
  object space 44032K, 7% used [0x00000000c1800000,0x00000000c1b65df0,0x00000000c4300000)
 Metaspace       used 13944K, capacity 14212K, committed 14464K, reserved 1062912K
  class space    used 1813K, capacity 1876K, committed 1920K, reserved 1048576K
}
Event: 8.946 GC heap before
{Heap before GC invocations=2 (full 0):
 PSYoungGen      total 18944K, used 18932K [0x00000000eb300000, 0x00000000ec800000, 0x0000000100000000)
  eden space 16384K, 100% used [0x00000000eb300000,0x00000000ec300000,0x00000000ec300000)
  from space 2560K, 99% used [0x00000000ec300000,0x00000000ec57d000,0x00000000ec580000)
  to   space 2560K, 0% used [0x00000000ec580000,0x00000000ec580000,0x00000000ec800000)
 ParOldGen       total 44032K, used 3479K [0x00000000c1800000, 0x00000000c4300000, 0x00000000eb300000)
  object space 44032K, 7% used [0x00000000c1800000,0x00000000c1b65df0,0x00000000c4300000)
 Metaspace       used 16319K, capacity 16522K, committed 16768K, reserved 1064960K
  class space    used 2054K, capacity 2133K, committed 2176K, reserved 1048576K
Event: 8.959 GC heap after
Heap after GC invocations=2 (full 0):
 PSYoungGen      total 18944K, used 2544K [0x00000000eb300000, 0x00000000ed800000, 0x0000000100000000)
  eden space 16384K, 0% used [0x00000000eb300000,0x00000000eb300000,0x00000000ec300000)
  from space 2560K, 99% used [0x00000000ec580000,0x00000000ec7fc010,0x00000000ec800000)
  to   space 2560K, 0% used [0x00000000ec300000,0x00000000ec300000,0x00000000ec580000)
 ParOldGen       total 44032K, used 4604K [0x00000000c1800000, 0x00000000c4300000, 0x00000000eb300000)
  object space 44032K, 10% used [0x00000000c1800000,0x00000000c1c7f1d8,0x00000000c4300000)
 Metaspace       used 16319K, capacity 16522K, committed 16768K, reserved 1064960K
  class space    used 2054K, capacity 2133K, committed 2176K, reserved 1048576K
}
Event: 9.382 GC heap before
{Heap before GC invocations=3 (full 0):
 PSYoungGen      total 18944K, used 18928K [0x00000000eb300000, 0x00000000ed800000, 0x0000000100000000)
  eden space 16384K, 100% used [0x00000000eb300000,0x00000000ec300000,0x00000000ec300000)
  from space 2560K, 99% used [0x00000000ec580000,0x00000000ec7fc010,0x00000000ec800000)
  to   space 2560K, 0% used [0x00000000ec300000,0x00000000ec300000,0x00000000ec580000)
 ParOldGen       total 44032K, used 4604K [0x00000000c1800000, 0x00000000c4300000, 0x00000000eb300000)
  object space 44032K, 10% used [0x00000000c1800000,0x00000000c1c7f1d8,0x00000000c4300000)
 Metaspace       used 16884K, capacity 17066K, committed 17280K, reserved 1064960K
  class space    used 2094K, capacity 2165K, committed 2176K, reserved 1048576K
Event: 9.391 GC heap after
Heap after GC invocations=3 (full 0):
 PSYoungGen      total 18944K, used 2544K [0x00000000eb300000, 0x00000000ed800000, 0x0000000100000000)
  eden space 16384K, 0% used [0x00000000eb300000,0x00000000eb300000,0x00000000ec300000)
  from space 2560K, 99% used [0x00000000ec300000,0x00000000ec57c010,0x00000000ec580000)
  to   space 2560K, 0% used [0x00000000ed580000,0x00000000ed580000,0x00000000ed800000)
 ParOldGen       total 44032K, used 4815K [0x00000000c1800000, 0x00000000c4300000, 0x00000000eb300000)
  object space 44032K, 10% used [0x00000000c1800000,0x00000000c1cb3ec0,0x00000000c4300000)
 Metaspace       used 16884K, capacity 17066K, committed 17280K, reserved 1064960K
  class space    used 2094K, capacity 2165K, committed 2176K, reserved 1048576K
}
Event: 9.766 GC heap before
{Heap before GC invocations=4 (full 0):
 PSYoungGen      total 18944K, used 18928K [0x00000000eb300000, 0x00000000ed800000, 0x0000000100000000)
  eden space 16384K, 100% used [0x00000000eb300000,0x00000000ec300000,0x00000000ec300000)
  from space 2560K, 99% used [0x00000000ec300000,0x00000000ec57c010,0x00000000ec580000)
  to   space 2560K, 0% used [0x00000000ed580000,0x00000000ed580000,0x00000000ed800000)
 ParOldGen       total 44032K, used 4815K [0x00000000c1800000, 0x00000000c4300000, 0x00000000eb300000)
  object space 44032K, 10% used [0x00000000c1800000,0x00000000c1cb3ec0,0x00000000c4300000)
 Metaspace       used 16946K, capacity 17194K, committed 17536K, reserved 1064960K
  class space    used 2097K, capacity 2165K, committed 2176K, reserved 1048576K
Event: 9.776 GC heap after
Heap after GC invocations=4 (full 0):
 PSYoungGen      total 35328K, used 2544K [0x00000000eb300000, 0x00000000ed800000, 0x0000000100000000)
  eden space 32768K, 0% used [0x00000000eb300000,0x00000000eb300000,0x00000000ed300000)
  from space 2560K, 99% used [0x00000000ed580000,0x00000000ed7fc010,0x00000000ed800000)
  to   space 2560K, 0% used [0x00000000ed300000,0x00000000ed300000,0x00000000ed580000)
 ParOldGen       total 44032K, used 4839K [0x00000000c1800000, 0x00000000c4300000, 0x00000000eb300000)
  object space 44032K, 10% used [0x00000000c1800000,0x00000000c1cb9ec0,0x00000000c4300000)
 Metaspace       used 16946K, capacity 17194K, committed 17536K, reserved 1064960K
  class space    used 2097K, capacity 2165K, committed 2176K, reserved 1048576K
}
Event: 24.682 GC heap before
{Heap before GC invocations=5 (full 0):
 PSYoungGen      total 35328K, used 35312K [0x00000000eb300000, 0x00000000ed800000, 0x0000000100000000)
  eden space 32768K, 100% used [0x00000000eb300000,0x00000000ed300000,0x00000000ed300000)
  from space 2560K, 99% used [0x00000000ed580000,0x00000000ed7fc010,0x00000000ed800000)
  to   space 2560K, 0% used [0x00000000ed300000,0x00000000ed300000,0x00000000ed580000)
 ParOldGen       total 44032K, used 4839K [0x00000000c1800000, 0x00000000c4300000, 0x00000000eb300000)
  object space 44032K, 10% used [0x00000000c1800000,0x00000000c1cb9ec0,0x00000000c4300000)
 Metaspace       used 17162K, capacity 17354K, committed 17664K, reserved 1064960K
  class space    used 2119K, capacity 2197K, committed 2304K, reserved 1048576K
Event: 24.698 GC heap after
Heap after GC invocations=5 (full 0):
 PSYoungGen      total 35328K, used 2557K [0x00000000eb300000, 0x00000000eff00000, 0x0000000100000000)
  eden space 32768K, 0% used [0x00000000eb300000,0x00000000eb300000,0x00000000ed300000)
  from space 2560K, 99% used [0x00000000ed300000,0x00000000ed57f5a8,0x00000000ed580000)
  to   space 6144K, 0% used [0x00000000ef900000,0x00000000ef900000,0x00000000eff00000)
 ParOldGen       total 44032K, used 6114K [0x00000000c1800000, 0x00000000c4300000, 0x00000000eb300000)
  object space 44032K, 13% used [0x00000000c1800000,0x00000000c1df88e0,0x00000000c4300000)
 Metaspace       used 17162K, capacity 17354K, committed 17664K, reserved 1064960K
  class space    used 2119K, capacity 2197K, committed 2304K, reserved 1048576K
}

Deoptimization events (8 events):
Event: 0.631 Thread 0x000000000017f800 Uncommon trap: reason=unstable_if action=reinterpret pc=0x0000000002613968 method=java.lang.String.hashCode()I @ 14
Event: 4.187 Thread 0x00000000568a6800 Uncommon trap: reason=class_check action=maybe_recompile pc=0x000000000260c998 method=java.lang.String.equals(Ljava/lang/Object;)Z @ 8
Event: 4.194 Thread 0x00000000568a6800 Uncommon trap: reason=class_check action=maybe_recompile pc=0x000000000260c998 method=java.lang.String.equals(Ljava/lang/Object;)Z @ 8
Event: 4.194 Thread 0x00000000568a6800 Uncommon trap: reason=class_check action=maybe_recompile pc=0x000000000260c998 method=java.lang.String.equals(Ljava/lang/Object;)Z @ 8
Event: 4.194 Thread 0x00000000568a6800 Uncommon trap: reason=class_check action=maybe_recompile pc=0x000000000260c998 method=java.lang.String.equals(Ljava/lang/Object;)Z @ 8
Event: 8.245 Thread 0x00000000568a6800 Uncommon trap: reason=unstable_if action=reinterpret pc=0x00000000027398a4 method=java.util.HashMap.getNode(ILjava/lang/Object;)Ljava/util/HashMap$Node; @ 62
Event: 8.246 Thread 0x00000000568a6800 Uncommon trap: reason=unstable_if action=reinterpret pc=0x000000000271f420 method=java.util.HashMap.getNode(ILjava/lang/Object;)Ljava/util/HashMap$Node; @ 62
Event: 8.337 Thread 0x00000000568a6800 Uncommon trap: reason=unstable_if action=reinterpret pc=0x0000000002884858 method=java.io.WinNTFileSystem.normalize(Ljava/lang/String;II)Ljava/lang/String; @ 8

Classes redefined (0 events):
No events

Internal exceptions (10 events):
Event: 0.570 Thread 0x000000000017f800 Exception <a 'java/security/PrivilegedActionException'> (0x00000000eb540cd8) thrown at [C:\re\workspace\8-2-build-windows-amd64-cygwin\jdk8u161\10277\hotspot\src\share\vm\prims\jvm.cpp, line 1390]
Event: 0.570 Thread 0x000000000017f800 Exception <a 'java/security/PrivilegedActionException'> (0x00000000eb540ee8) thrown at [C:\re\workspace\8-2-build-windows-amd64-cygwin\jdk8u161\10277\hotspot\src\share\vm\prims\jvm.cpp, line 1390]
Event: 0.730 Thread 0x000000000017f800 Exception <a 'java/security/PrivilegedActionException'> (0x00000000eb596670) thrown at [C:\re\workspace\8-2-build-windows-amd64-cygwin\jdk8u161\10277\hotspot\src\share\vm\prims\jvm.cpp, line 1390]
Event: 0.730 Thread 0x000000000017f800 Exception <a 'java/security/PrivilegedActionException'> (0x00000000eb596880) thrown at [C:\re\workspace\8-2-build-windows-amd64-cygwin\jdk8u161\10277\hotspot\src\share\vm\prims\jvm.cpp, line 1390]
Event: 0.731 Thread 0x000000000017f800 Exception <a 'java/security/PrivilegedActionException'> (0x00000000eb59a790) thrown at [C:\re\workspace\8-2-build-windows-amd64-cygwin\jdk8u161\10277\hotspot\src\share\vm\prims\jvm.cpp, line 1390]
Event: 0.731 Thread 0x000000000017f800 Exception <a 'java/security/PrivilegedActionException'> (0x00000000eb59a9a0) thrown at [C:\re\workspace\8-2-build-windows-amd64-cygwin\jdk8u161\10277\hotspot\src\share\vm\prims\jvm.cpp, line 1390]
Event: 0.764 Thread 0x000000000017f800 Exception <a 'java/io/FileNotFoundException'> (0x00000000eb59d720) thrown at [C:\re\workspace\8-2-build-windows-amd64-cygwin\jdk8u161\10277\hotspot\src\share\vm\prims\jni.cpp, line 709]
Event: 0.914 Thread 0x000000000017f800 Exception <a 'java/lang/NoSuchFieldError': method resolution failed> (0x00000000eb66f160) thrown at [C:\re\workspace\8-2-build-windows-amd64-cygwin\jdk8u161\10277\hotspot\src\share\vm\prims\methodHandles.cpp, line 1167]
Event: 0.932 Thread 0x000000000017f800 Exception <a 'java/lang/NoSuchFieldError': method resolution failed> (0x00000000eb67c530) thrown at [C:\re\workspace\8-2-build-windows-amd64-cygwin\jdk8u161\10277\hotspot\src\share\vm\prims\methodHandles.cpp, line 1167]
Event: 1.099 Thread 0x000000000017f800 Exception <a 'java/io/FileNotFoundException'> (0x00000000eb715040) thrown at [C:\re\workspace\8-2-build-windows-amd64-cygwin\jdk8u161\10277\hotspot\src\share\vm\prims\jni.cpp, line 709]

Events (10 events):
Event: 23.923 loading class org/bytedeco/javacpp/annotation/Opaque
Event: 23.923 loading class org/bytedeco/javacpp/annotation/Opaque done
Event: 24.363 loading class org/bytedeco/javacpp/helper/opencv_core$AbstractCvMat$1
Event: 24.363 loading class org/bytedeco/javacpp/helper/opencv_core$AbstractCvMat$1 done
Event: 24.364 loading class org/bytedeco/javacpp/helper/opencv_core$AbstractCvMat$2
Event: 24.364 loading class org/bytedeco/javacpp/helper/opencv_core$AbstractCvMat$2 done
Event: 24.681 Executing VM operation: ParallelGCFailedAllocation
Event: 24.698 Executing VM operation: ParallelGCFailedAllocation done
Event: 24.699 Executing VM operation: RevokeBias
Event: 24.699 Executing VM operation: RevokeBias done


Dynamic libraries:
0x000000013f600000 - 0x000000013f637000 	C:\Program Files\Java\jdk1.8.0_161\bin\java.exe
0x0000000077a70000 - 0x0000000077c0f000 	C:\Windows\SYSTEM32\ntdll.dll
0x000007fee2e20000 - 0x000007fee2e54000 	C:\Program Files\AVAST Software\Avast\x64\aswhooka.dll
0x0000000077950000 - 0x0000000077a6f000 	C:\Windows\system32\kernel32.dll
0x000007fefd8a0000 - 0x000007fefd90a000 	C:\Windows\system32\KERNELBASE.dll
0x000007fefeae0000 - 0x000007fefebbb000 	C:\Windows\system32\ADVAPI32.dll
0x000007fefe370000 - 0x000007fefe40f000 	C:\Windows\system32\msvcrt.dll
0x000007feff960000 - 0x000007feff97f000 	C:\Windows\SYSTEM32\sechost.dll
0x000007fefddf0000 - 0x000007fefdf1d000 	C:\Windows\system32\RPCRT4.dll
0x0000000077850000 - 0x000000007794a000 	C:\Windows\system32\USER32.dll
0x000007feff980000 - 0x000007feff9e7000 	C:\Windows\system32\GDI32.dll
0x000007fefe100000 - 0x000007fefe10e000 	C:\Windows\system32\LPK.dll
0x000007fefe630000 - 0x000007fefe6fb000 	C:\Windows\system32\USP10.dll
0x000007fefc0e0000 - 0x000007fefc2d4000 	C:\Windows\WinSxS\amd64_microsoft.windows.common-controls_6595b64144ccf1df_6.0.7601.18837_none_fa3b1e3d17594757\COMCTL32.dll
0x000007fefea60000 - 0x000007fefead1000 	C:\Windows\system32\SHLWAPI.dll
0x000007fefea30000 - 0x000007fefea5e000 	C:\Windows\system32\IMM32.DLL
0x000007fefe110000 - 0x000007fefe219000 	C:\Windows\system32\MSCTF.dll
0x0000000066520000 - 0x00000000665f2000 	C:\Program Files\Java\jdk1.8.0_161\jre\bin\msvcr100.dll
0x0000000062370000 - 0x0000000062c0f000 	C:\Program Files\Java\jdk1.8.0_161\jre\bin\server\jvm.dll
0x000007fef5730000 - 0x000007fef5739000 	C:\Windows\system32\WSOCK32.dll
0x000007fefe320000 - 0x000007fefe36d000 	C:\Windows\system32\WS2_32.dll
0x000007feff950000 - 0x000007feff958000 	C:\Windows\system32\NSI.dll
0x000007fefb100000 - 0x000007fefb13b000 	C:\Windows\system32\WINMM.dll
0x000007fefc820000 - 0x000007fefc82c000 	C:\Windows\system32\VERSION.dll
0x0000000077c10000 - 0x0000000077c17000 	C:\Windows\system32\PSAPI.DLL
0x0000000070140000 - 0x000000007014f000 	C:\Program Files\Java\jdk1.8.0_161\jre\bin\verify.dll
0x0000000067560000 - 0x0000000067589000 	C:\Program Files\Java\jdk1.8.0_161\jre\bin\java.dll
0x0000000070100000 - 0x0000000070116000 	C:\Program Files\Java\jdk1.8.0_161\jre\bin\zip.dll
0x000007fefebc0000 - 0x000007feff94b000 	C:\Windows\system32\SHELL32.dll
0x000007fefe430000 - 0x000007fefe62d000 	C:\Windows\system32\ole32.dll
0x000007fefd750000 - 0x000007fefd75f000 	C:\Windows\system32\profapi.dll
0x0000000064c90000 - 0x0000000064e28000 	C:\Program Files\Java\jdk1.8.0_161\jre\bin\awt.dll
0x000007fefdb00000 - 0x000007fefdbda000 	C:\Windows\system32\OLEAUT32.dll
0x000007fefbad0000 - 0x000007fefbae8000 	C:\Windows\system32\DWMAPI.DLL
0x000007feefc20000 - 0x000007feefd3d000 	C:\Windows\system32\opengl32.dll
0x000007fef42c0000 - 0x000007fef42ed000 	C:\Windows\system32\GLU32.dll
0x000007fef42f0000 - 0x000007fef43e1000 	C:\Windows\system32\DDRAW.dll
0x000007fefb420000 - 0x000007fefb428000 	C:\Windows\system32\DCIMAN32.dll
0x000007fefdf20000 - 0x000007fefe0f7000 	C:\Windows\system32\SETUPAPI.dll
0x000007fefd760000 - 0x000007fefd796000 	C:\Windows\system32\CFGMGR32.dll
0x000007fefdae0000 - 0x000007fefdafa000 	C:\Windows\system32\DEVOBJ.dll
0x000007fefbf00000 - 0x000007fefbf56000 	C:\Windows\system32\uxtheme.dll
0x000007fefd5e0000 - 0x000007fefd5ef000 	C:\Windows\system32\CRYPTBASE.dll
0x0000000067510000 - 0x0000000067557000 	C:\Program Files\Java\jdk1.8.0_161\jre\bin\fontmanager.dll
0x000007fef5d70000 - 0x000007fef5e0e000 	C:\Windows\system32\RICHED20.DLL
0x000000006a620000 - 0x000000006a63a000 	C:\Program Files\Java\jdk1.8.0_161\jre\bin\net.dll
0x000007fefcf10000 - 0x000007fefcf65000 	C:\Windows\system32\mswsock.dll
0x000007fefcf00000 - 0x000007fefcf07000 	C:\Windows\System32\wship6.dll
0x0000000067a30000 - 0x0000000067a41000 	C:\Program Files\Java\jdk1.8.0_161\jre\bin\nio.dll
0x000000006a6f0000 - 0x000000006a732000 	C:\Program Files\Java\jdk1.8.0_161\jre\bin\t2k.dll
0x000007fef8220000 - 0x000007fef82c0000 	C:\Windows\WinSxS\amd64_microsoft.windows.common-controls_6595b64144ccf1df_5.82.7601.18837_none_a4d981ff711297b6\comctl32.dll
0x000007fefbf60000 - 0x000007fefc08c000 	C:\Windows\system32\PROPSYS.dll
0x000007fefe280000 - 0x000007fefe319000 	C:\Windows\system32\CLBCatQ.DLL
0x000007fefb3e0000 - 0x000007fefb40d000 	C:\Windows\system32\ntmarta.dll
0x000007fefe220000 - 0x000007fefe272000 	C:\Windows\system32\WLDAP32.dll
0x000007fefd580000 - 0x000007fefd5d7000 	C:\Windows\system32\apphelp.dll
0x000007fef79d0000 - 0x000007fef7b6c000 	C:\Windows\system32\NetworkExplorer.dll
0x000007fef8b60000 - 0x000007fef8b94000 	C:\Windows\System32\shdocvw.dll
0x000007fefaef0000 - 0x000007fefaefb000 	C:\Windows\system32\slc.dll
0x000007fef9d00000 - 0x000007fef9d18000 	C:\Windows\system32\MPR.dll
0x000007fef8a60000 - 0x000007fef8a6a000 	C:\Windows\System32\drprov.dll
0x000007fefce60000 - 0x000007fefce9d000 	C:\Windows\System32\WINSTA.dll
0x000007fef8a30000 - 0x000007fef8a52000 	C:\Windows\System32\ntlanman.dll
0x000007fef88c0000 - 0x000007fef88de000 	C:\Windows\System32\davclnt.dll
0x000007fef88b0000 - 0x000007fef88ba000 	C:\Windows\System32\DAVHLPR.dll
0x000007fefb600000 - 0x000007fefb615000 	C:\Windows\system32\wkscli.dll
0x000007fef7f40000 - 0x000007fef7f4f000 	C:\Windows\system32\cscapi.dll
0x000007fefb620000 - 0x000007fefb62c000 	C:\Windows\system32\netutils.dll
0x000007fee24c0000 - 0x000007fee2731000 	C:\Windows\system32\wpdshext.dll
0x000007fefbce0000 - 0x000007fefbef7000 	C:\Windows\WinSxS\amd64_microsoft.windows.gdiplus_6595b64144ccf1df_1.1.7601.23894_none_145eb2808b8d6928\gdiplus.dll
0x000007fef1830000 - 0x000007fef18ed000 	C:\Windows\system32\PortableDeviceApi.dll
0x000007fefd860000 - 0x000007fefd89b000 	C:\Windows\system32\WINTRUST.dll
0x000007fefd970000 - 0x000007fefdadd000 	C:\Windows\system32\CRYPT32.dll
0x000007fefd740000 - 0x000007fefd74f000 	C:\Windows\system32\MSASN1.dll
0x000007fef7fe0000 - 0x000007fef8015000 	C:\Windows\system32\EhStorShell.dll
0x000007fef5d40000 - 0x000007fef5d67000 	C:\Windows\system32\EhStorAPI.dll
0x000007fef9d40000 - 0x000007fef9d4c000 	C:\Windows\system32\LINKINFO.dll
0x000007fefb790000 - 0x000007fefb8f1000 	C:\Windows\system32\WindowsCodecs.dll
0x000000006ff20000 - 0x00000000700d8000 	C:\Program Files\AVAST Software\Avast\ashShA64.dll
0x000007fef9dd0000 - 0x000007fef9dd3000 	C:\Windows\system32\api-ms-win-core-synch-l1-2-0.DLL
0x000007fef8570000 - 0x000007fef888e000 	C:\Windows\system32\msi.dll
0x000007fef7f60000 - 0x000007fef7fde000 	C:\Windows\System32\cscui.dll
0x000007fef7f50000 - 0x000007fef7f5c000 	C:\Windows\System32\CSCDLL.dll
0x000007fef7ec0000 - 0x000007fef7f40000 	C:\Windows\system32\ntshrui.dll
0x000007fefd460000 - 0x000007fefd483000 	C:\Windows\system32\srvcli.dll
0x000007fefba90000 - 0x000007fefbac5000 	C:\Windows\system32\XmlLite.dll
0x000007fefcf70000 - 0x000007fefcf88000 	C:\Windows\system32\CRYPTSP.dll
0x000007fefcc30000 - 0x000007fefcc77000 	C:\Windows\system32\rsaenh.dll
0x000007fefd690000 - 0x000007fefd6a4000 	C:\Windows\system32\RpcRtRemote.dll
0x000007feed610000 - 0x000007feed6e7000 	C:\Windows\system32\SearchFolder.dll
0x000007feefb60000 - 0x000007feefbdb000 	C:\Windows\System32\StructuredQuery.dll
0x000007fefd500000 - 0x000007fefd50b000 	C:\Windows\System32\Secur32.dll
0x000007fefd530000 - 0x000007fefd555000 	C:\Windows\system32\SSPICLI.DLL
0x000007feed5b0000 - 0x000007feed601000 	C:\Users\Leonardo\.javacpp\cache\opencv-windows-x86_64.jar\org\bytedeco\javacpp\windows-x86_64\concrt140.dll
0x000007feed500000 - 0x000007feed5aa000 	C:\Windows\system32\MSVCP140.dll
0x000007fef5d20000 - 0x000007fef5d36000 	C:\Windows\system32\VCRUNTIME140.dll
0x000007fef8310000 - 0x000007fef8314000 	C:\Windows\system32\api-ms-win-crt-runtime-l1-1-0.dll
0x000007feecd70000 - 0x000007feece66000 	C:\Program Files\Java\jdk1.8.0_161\jre\bin\ucrtbase.DLL
0x000007fef8300000 - 0x000007fef8303000 	C:\Program Files\Java\jdk1.8.0_161\jre\bin\api-ms-win-core-timezone-l1-1-0.dll
0x000007fef5b00000 - 0x000007fef5b03000 	C:\Program Files\Java\jdk1.8.0_161\jre\bin\api-ms-win-core-file-l2-1-0.dll
0x000007fef5b10000 - 0x000007fef5b13000 	C:\Program Files\Java\jdk1.8.0_161\jre\bin\api-ms-win-core-localization-l1-2-0.dll
0x000007fef5ae0000 - 0x000007fef5ae3000 	C:\Program Files\Java\jdk1.8.0_161\jre\bin\api-ms-win-core-processthreads-l1-1-1.dll
0x000007fef5af0000 - 0x000007fef5af3000 	C:\Program Files\Java\jdk1.8.0_161\jre\bin\api-ms-win-core-file-l1-2-0.dll
0x000007fef5a80000 - 0x000007fef5a84000 	C:\Windows\system32\api-ms-win-crt-string-l1-1-0.dll
0x000007fef5ad0000 - 0x000007fef5ad3000 	C:\Windows\system32\api-ms-win-crt-heap-l1-1-0.dll
0x000007fef4220000 - 0x000007fef4224000 	C:\Windows\system32\api-ms-win-crt-stdio-l1-1-0.dll
0x000007fef4280000 - 0x000007fef4284000 	C:\Windows\system32\api-ms-win-crt-convert-l1-1-0.dll
0x000007fef4210000 - 0x000007fef4213000 	C:\Windows\system32\api-ms-win-crt-locale-l1-1-0.dll
0x000007fef4200000 - 0x000007fef4205000 	C:\Windows\system32\api-ms-win-crt-math-l1-1-0.dll
0x000007fef41f0000 - 0x000007fef41f5000 	C:\Windows\system32\api-ms-win-crt-multibyte-l1-1-0.dll
0x000007fef01f0000 - 0x000007fef01f3000 	C:\Windows\system32\api-ms-win-crt-time-l1-1-0.dll
0x000007fef01e0000 - 0x000007fef01e3000 	C:\Windows\system32\api-ms-win-crt-filesystem-l1-1-0.dll
0x000007fef01d0000 - 0x000007fef01d3000 	C:\Windows\system32\api-ms-win-crt-environment-l1-1-0.dll
0x000007fef0190000 - 0x000007fef0193000 	C:\Windows\system32\api-ms-win-crt-utility-l1-1-0.dll
0x000007fee96d0000 - 0x000007fee976d000 	C:\Users\Leonardo\.javacpp\cache\opencv-windows-x86_64.jar\org\bytedeco\javacpp\windows-x86_64\msvcp140.dll
0x000007fef0110000 - 0x000007fef0127000 	C:\Users\Leonardo\.javacpp\cache\opencv-windows-x86_64.jar\org\bytedeco\javacpp\windows-x86_64\vcruntime140.dll
0x000007fef0100000 - 0x000007fef0103000 	C:\Users\Leonardo\.javacpp\cache\opencv-windows-x86_64.jar\org\bytedeco\javacpp\windows-x86_64\api-ms-win-crt-locale-l1-1-0.dll
0x000007fef00f0000 - 0x000007fef00f4000 	C:\Users\Leonardo\.javacpp\cache\opencv-windows-x86_64.jar\org\bytedeco\javacpp\windows-x86_64\api-ms-win-crt-string-l1-1-0.dll
0x000007feefd50000 - 0x000007feefd54000 	C:\Users\Leonardo\.javacpp\cache\opencv-windows-x86_64.jar\org\bytedeco\javacpp\windows-x86_64\api-ms-win-crt-stdio-l1-1-0.dll
0x000007feefd40000 - 0x000007feefd45000 	C:\Users\Leonardo\.javacpp\cache\opencv-windows-x86_64.jar\org\bytedeco\javacpp\windows-x86_64\api-ms-win-crt-math-l1-1-0.dll
0x000007feefc10000 - 0x000007feefc13000 	C:\Users\Leonardo\.javacpp\cache\opencv-windows-x86_64.jar\org\bytedeco\javacpp\windows-x86_64\api-ms-win-crt-heap-l1-1-0.dll
0x000007feefc00000 - 0x000007feefc04000 	C:\Users\Leonardo\.javacpp\cache\opencv-windows-x86_64.jar\org\bytedeco\javacpp\windows-x86_64\api-ms-win-crt-runtime-l1-1-0.dll
0x000007feefbf0000 - 0x000007feefbf4000 	C:\Users\Leonardo\.javacpp\cache\opencv-windows-x86_64.jar\org\bytedeco\javacpp\windows-x86_64\api-ms-win-crt-convert-l1-1-0.dll
0x000007feefbe0000 - 0x000007feefbe3000 	C:\Users\Leonardo\.javacpp\cache\opencv-windows-x86_64.jar\org\bytedeco\javacpp\windows-x86_64\api-ms-win-crt-environment-l1-1-0.dll
0x000007feefb50000 - 0x000007feefb53000 	C:\Users\Leonardo\.javacpp\cache\opencv-windows-x86_64.jar\org\bytedeco\javacpp\windows-x86_64\api-ms-win-crt-time-l1-1-0.dll
0x000007feefb40000 - 0x000007feefb43000 	C:\Users\Leonardo\.javacpp\cache\opencv-windows-x86_64.jar\org\bytedeco\javacpp\windows-x86_64\api-ms-win-crt-filesystem-l1-1-0.dll
0x000007feefb30000 - 0x000007feefb33000 	C:\Users\Leonardo\.javacpp\cache\opencv-windows-x86_64.jar\org\bytedeco\javacpp\windows-x86_64\api-ms-win-crt-utility-l1-1-0.dll
0x000007feed4f0000 - 0x000007feed4f5000 	C:\Users\Leonardo\.javacpp\cache\opencv-windows-x86_64.jar\org\bytedeco\javacpp\windows-x86_64\api-ms-win-crt-multibyte-l1-1-0.dll

VM Arguments:
jvm_args: -Dfile.encoding=UTF-8 
java_command: IEv2.IEv2
java_class_path (initial): C:\Users\Leonardo\Desktop\javacv-bin\artoolkitplus-android-arm.jar;C:\Users\Leonardo\Desktop\javacv-bin\artoolkitplus-android-arm64.jar;C:\Users\Leonardo\Desktop\javacv-bin\artoolkitplus-android-x86.jar;C:\Users\Leonardo\Desktop\javacv-bin\artoolkitplus-android-x86_64.jar;C:\Users\Leonardo\Desktop\javacv-bin\artoolkitplus-linux-armhf.jar;C:\Users\Leonardo\Desktop\javacv-bin\artoolkitplus-linux-ppc64le.jar;C:\Users\Leonardo\Desktop\javacv-bin\artoolkitplus-linux-x86.jar;C:\Users\Leonardo\Desktop\javacv-bin\artoolkitplus-linux-x86_64.jar;C:\Users\Leonardo\Desktop\javacv-bin\artoolkitplus-macosx-x86_64.jar;C:\Users\Leonardo\Desktop\javacv-bin\artoolkitplus-platform.jar;C:\Users\Leonardo\Desktop\javacv-bin\artoolkitplus-windows-x86.jar;C:\Users\Leonardo\Desktop\javacv-bin\artoolkitplus-windows-x86_64.jar;C:\Users\Leonardo\Desktop\javacv-bin\artoolkitplus.jar;C:\Users\Leonardo\Desktop\javacv-bin\ffmpeg-android-arm.jar;C:\Users\Leonardo\Desktop\javacv-bin\ffmpeg-android-arm64.jar;C:\Users\Leonardo\Desktop\javacv-bin\ffmpeg-android-x86.jar;C:\Users\Leonardo\Desktop\javacv-bin\ffmpeg-android-x86_64.jar;C:\Users\Leonardo\Desktop\javacv-bin\ffmpeg-linux-armhf.jar;C:\Users\Leonardo\Desktop\javacv-bin\ffmpeg-linux-ppc64le.jar;C:\Users\Leonardo\Desktop\javacv-bin\ffmpeg-linux-x86.jar;C:\Users\Leonardo\Desktop\javacv-bin\ffmpeg-linux-x86_64.jar;C:\Users\Leonardo\Desktop\javacv-bin\ffmpeg-macosx-x86_64.jar;C:\Users\Leonardo\Desktop\javacv-bin\ffmpeg-platform.jar;C:\Users\Leonardo\Desktop\javacv-bin\ffmpeg-windows-x86.jar;C:\Users\Leonardo\Desktop\javacv-bin\ffmpeg-windows-x86_64.jar;C:\Users\Leonardo\Desktop\javacv-bin\ffmpeg.jar;C:\Users\Leonardo\Desktop\javacv-bin\flandmark-android-arm.jar;C:\Users\Leonardo\Desktop\javacv-bin\flandmark-android-arm64.jar;C:\Users\Leonardo\Desktop\javacv-bin\flandmark-android-x86.jar;C:\Users\Leonardo\Desktop\javacv-bin\flandmark-android-x86_64.jar;C:\Users\Leonardo\Desktop\javacv-bin\flandmark-linux-armhf.jar;C:\Users
Launcher Type: SUN_STANDARD

Environment Variables:
PATH=C:\ProgramData\Oracle\Java\javapath;C:\Windows\system32;C:\Windows;C:\Windows\System32\Wbem;C:\Windows\System32\WindowsPowerShell\v1.0\;C:\Program Files\Broadcom\Broadcom 802.11\Driver;C:\Program Files\Git\cmd;
USERNAME=Leonardo
OS=Windows_NT
PROCESSOR_IDENTIFIER=Intel64 Family 6 Model 23 Stepping 10, GenuineIntel



---------------  S Y S T E M  ---------------

OS: Windows 7 , 64 bit Build 7601 (6.1.7601.24117)

CPU:total 2 (initial active 2) (2 cores per cpu, 1 threads per core) family 6 model 23 stepping 10, cmov, cx8, fxsr, mmx, sse, sse2, sse3, ssse3, sse4.1, tsc

Memory: 4k page, physical 4092176k(919564k free), swap 8182476k(4023200k free)

vm_info: Java HotSpot(TM) 64-Bit Server VM (25.161-b12) for windows-amd64 JRE (1.8.0_161-b12), built on Dec 19 2017 17:52:25 by "java_re" with MS VC++ 10.0 (VS2010)

time: Sun May 13 21:25:38 2018
elapsed time: 24 seconds (0d 0h 0m 24s)

