#
# A fatal error has been detected by the Java Runtime Environment:
#
#  EXCEPTION_UNCAUGHT_CXX_EXCEPTION (0xe06d7363) at pc=0x00007ff847083fb8, pid=1704, tid=0x0000000000002cf0
#
# JRE version: Java(TM) SE Runtime Environment (8.0_111-b14) (build 1.8.0_111-b14)
# Java VM: Java HotSpot(TM) 64-Bit Server VM (25.111-b14 mixed mode windows-amd64 compressed oops)
# Problematic frame:
# C  [KERNELBASE.dll+0x13fb8]
#
# Failed to write core dump. Minidumps are not enabled by default on client versions of Windows
#
# If you would like to submit a bug report, please visit:
#   http://bugreport.java.com/bugreport/crash.jsp
# The crash happened outside the Java Virtual Machine in native code.
# See problematic frame for where to report the bug.
#

---------------  T H R E A D  ---------------

Current thread (0x000000001b00f000):  JavaThread "AWT-EventQueue-0" [_thread_in_native, id=11504, stack(0x000000001bf60000,0x000000001c060000)]

siginfo: ExceptionCode=0xe06d7363, ExceptionInformation=0x0000000019930520 0x000000001c05b870 0x00007ff817dafb38 0x00007ff817b00000 

Registers:
RAX=0x00007ff846f8fbae, RBX=0x000000001c05c940, RCX=0x000000001c05b290, RDX=0x000000001c05b2b8
RSP=0x000000001c05b6c0, RBP=0x000000001c05b800, RSI=0x00007ff817dafb38, RDI=0x0000000000000063
R8 =0x00007ff846f7c046, R9 =0x0000f74adcbaa824, R10=0x000000001c05b6f8, R11=0x0000000000000000
R12=0x00000000ffffff29, R13=0x0000000000000000, R14=0x000000001c05b870, R15=0x000000001c05ca20
RIP=0x00007ff847083fb8, EFLAGS=0x0000000000000206

Top of Stack: (sp=0x000000001c05b6c0)
0x000000001c05b6c0:   000000001c05b6f0 000000001c05c940
0x000000001c05b6d0:   00007ff817dafb38 0000000000000063
0x000000001c05b6e0:   00000001e06d7363 0000000000000000
0x000000001c05b6f0:   00007ff847083fb8 0000000000000004
0x000000001c05b700:   0000000019930520 000000001c05b870
0x000000001c05b710:   00007ff817dafb38 00007ff817b00000
0x000000001c05b720:   00000000ffffff29 0000000000000063
0x000000001c05b730:   00007ff817dafb38 000000001c05b820
0x000000001c05b740:   000000001c05b800 00007ff84a2fc63f
0x000000001c05b750:   0000000000000000 00007ff800000000
0x000000001c05b760:   00007ff800000002 00007ff847055510
0x000000001c05b770:   00007ff817dde000 00007ff817b00000
0x000000001c05b780:   000078811ae01cbc 00007ff846f85f33
0x000000001c05b790:   000000001c05c940 00007ff837834572
0x000000001c05b7a0:   000000001c05b7d8 000000001c05b7e0
0x000000001c05b7b0:   000000001c05b828 00007ff846f7d1b9 

Instructions: (pc=0x00007ff847083fb8)
0x00007ff847083f98:   49 8b d1 44 0f 47 c0 44 89 44 24 38 49 c1 e0 03
0x00007ff847083fa8:   e8 ba 16 07 00 48 8d 4c 24 20 ff 15 38 4b 16 00
0x00007ff847083fb8:   48 8b 8c 24 c0 00 00 00 48 33 cc e8 98 e6 06 00
0x00007ff847083fc8:   48 81 c4 d8 00 00 00 c3 83 64 24 38 00 eb d6 cc 


Register to memory mapping:

RAX=0x00007ff846f8fbae is an unknown value
RBX=0x000000001c05c940 is pointing into the stack for thread: 0x000000001b00f000
RCX=0x000000001c05b290 is pointing into the stack for thread: 0x000000001b00f000
RDX=0x000000001c05b2b8 is pointing into the stack for thread: 0x000000001b00f000
RSP=0x000000001c05b6c0 is pointing into the stack for thread: 0x000000001b00f000
RBP=0x000000001c05b800 is pointing into the stack for thread: 0x000000001b00f000
RSI=0x00007ff817dafb38 is an unknown value
RDI=0x0000000000000063 is an unknown value
R8 =0x00007ff846f7c046 is an unknown value
R9 =0x0000f74adcbaa824 is an unknown value
R10=0x000000001c05b6f8 is pointing into the stack for thread: 0x000000001b00f000
R11=0x0000000000000000 is an unknown value
R12=0x00000000ffffff29 is an unallocated location in the heap
R13=0x0000000000000000 is an unknown value
R14=0x000000001c05b870 is pointing into the stack for thread: 0x000000001b00f000
R15=0x000000001c05ca20 is pointing into the stack for thread: 0x000000001b00f000


Stack: [0x000000001bf60000,0x000000001c060000],  sp=0x000000001c05b6c0,  free space=1005k
Native frames: (J=compiled Java code, j=interpreted, Vv=VM code, C=native code)
C  [KERNELBASE.dll+0x13fb8]
C  [VCRUNTIME140.dll+0x4572]
C  [opencv_core341.dll+0x1b50fa]
C  [opencv_core341.dll+0x1b524a]
C  [opencv_core341.dll+0x2d080]
C  [jniopencv_core.dll+0x1467c8]
C  0x0000000004337f74

Java frames: (J=compiled Java code, j=interpreted, Vv=VM code)
j  org.bytedeco.javacpp.opencv_core.cvNot(Lorg/bytedeco/javacpp/helper/opencv_core$CvArr;Lorg/bytedeco/javacpp/helper/opencv_core$CvArr;)V+0
j  IEv2.IEFirstTarea.Negative(Lorg/bytedeco/javacpp/opencv_core$IplImage;)Lorg/bytedeco/javacpp/opencv_core$IplImage;+13
j  IEv2.IEFirstTarea.SelectFilter(Lorg/bytedeco/javacpp/opencv_core$Mat;I)Lorg/bytedeco/javacpp/opencv_core$Mat;+53
j  IEv2.IEv2UI.FilterFirstTareaActionPerformed(Ljava/awt/event/ActionEvent;)V+180
j  IEv2.IEv2UI.access$000(LIEv2/IEv2UI;Ljava/awt/event/ActionEvent;)V+2
j  IEv2.IEv2UI$1.actionPerformed(Ljava/awt/event/ActionEvent;)V+5
j  javax.swing.JComboBox.fireActionEvent()V+126
j  javax.swing.JComboBox.setSelectedItem(Ljava/lang/Object;)V+134
j  javax.swing.JComboBox.setSelectedIndex(I)V+76
j  javax.swing.plaf.basic.BasicComboPopup$Handler.mouseReleased(Ljava/awt/event/MouseEvent;)V+97
j  java.awt.AWTEventMulticaster.mouseReleased(Ljava/awt/event/MouseEvent;)V+21
j  java.awt.Component.processMouseEvent(Ljava/awt/event/MouseEvent;)V+64
j  javax.swing.JComponent.processMouseEvent(Ljava/awt/event/MouseEvent;)V+23
j  javax.swing.plaf.basic.BasicComboPopup$1.processMouseEvent(Ljava/awt/event/MouseEvent;)V+70
J 1245 C1 java.awt.Component.processEvent(Ljava/awt/AWTEvent;)V (220 bytes) @ 0x0000000004732944 [0x0000000004732420+0x524]
J 1036 C1 java.awt.Container.processEvent(Ljava/awt/AWTEvent;)V (22 bytes) @ 0x00000000046aa78c [0x00000000046aa460+0x32c]
J 1020 C1 java.awt.Component.dispatchEventImpl(Ljava/awt/AWTEvent;)V (883 bytes) @ 0x000000000469f3a4 [0x0000000004699ec0+0x54e4]
J 698 C1 java.awt.Container.dispatchEventImpl(Ljava/awt/AWTEvent;)V (129 bytes) @ 0x000000000459dd04 [0x000000000459dbc0+0x144]
J 1265 C1 java.awt.LightweightDispatcher.retargetMouseEvent(Ljava/awt/Component;ILjava/awt/event/MouseEvent;)V (350 bytes) @ 0x00000000047438ac [0x0000000004741340+0x256c]
J 1263 C1 java.awt.LightweightDispatcher.processMouseEvent(Ljava/awt/event/MouseEvent;)Z (286 bytes) @ 0x000000000473efbc [0x000000000473d8c0+0x16fc]
J 1041 C1 java.awt.LightweightDispatcher.dispatchEvent(Ljava/awt/AWTEvent;)Z (73 bytes) @ 0x00000000046accfc [0x00000000046ac8c0+0x43c]
J 698 C1 java.awt.Container.dispatchEventImpl(Ljava/awt/AWTEvent;)V (129 bytes) @ 0x000000000459dca4 [0x000000000459dbc0+0xe4]
J 1050 C1 java.awt.Window.dispatchEventImpl(Ljava/awt/AWTEvent;)V (23 bytes) @ 0x00000000046b16e4 [0x00000000046b1100+0x5e4]
J 738 C1 java.awt.EventQueue.dispatchEventImpl(Ljava/awt/AWTEvent;Ljava/lang/Object;)V (149 bytes) @ 0x00000000045bcbfc [0x00000000045bb3c0+0x183c]
J 736 C1 java.awt.EventQueue$3.run()Ljava/lang/Void; (60 bytes) @ 0x00000000045ba7cc [0x00000000045ba5c0+0x20c]
J 735 C1 java.awt.EventQueue$3.run()Ljava/lang/Object; (5 bytes) @ 0x00000000045ba24c [0x00000000045ba1c0+0x8c]
v  ~StubRoutines::call_stub
J 654  java.security.AccessController.doPrivileged(Ljava/security/PrivilegedAction;Ljava/security/AccessControlContext;)Ljava/lang/Object; (0 bytes) @ 0x0000000004587fe6 [0x0000000004587f80+0x66]
J 1191 C1 java.awt.EventQueue$4.run()Ljava/lang/Object; (5 bytes) @ 0x000000000470ac6c [0x000000000470a840+0x42c]
v  ~StubRoutines::call_stub
J 654  java.security.AccessController.doPrivileged(Ljava/security/PrivilegedAction;Ljava/security/AccessControlContext;)Ljava/lang/Object; (0 bytes) @ 0x0000000004587fe6 [0x0000000004587f80+0x66]
J 689 C1 java.awt.EventQueue.dispatchEvent(Ljava/awt/AWTEvent;)V (80 bytes) @ 0x000000000459897c [0x0000000004597b00+0xe7c]
J 740 C1 java.awt.EventDispatchThread.pumpOneEventForFilters(I)V (295 bytes) @ 0x00000000045c0a24 [0x00000000045beec0+0x1b64]
j  java.awt.EventDispatchThread.pumpEventsForFilter(ILjava/awt/Conditional;Ljava/awt/EventFilter;)V+35
j  java.awt.EventDispatchThread.pumpEventsForHierarchy(ILjava/awt/Conditional;Ljava/awt/Component;)V+11
j  java.awt.EventDispatchThread.pumpEvents(ILjava/awt/Conditional;)V+4
j  java.awt.EventDispatchThread.pumpEvents(Ljava/awt/Conditional;)V+3
j  java.awt.EventDispatchThread.run()V+9
v  ~StubRoutines::call_stub

---------------  P R O C E S S  ---------------

Java Threads: ( => current thread )
  0x000000001e67c000 JavaThread "JavaCPP Deallocator" daemon [_thread_blocked, id=9340, stack(0x000000001f3b0000,0x000000001f4b0000)]
  0x000000001b139000 JavaThread "Swing-Shell" daemon [_thread_blocked, id=11544, stack(0x000000001d6a0000,0x000000001d7a0000)]
  0x000000001b128800 JavaThread "TimerQueue" daemon [_thread_blocked, id=10404, stack(0x000000001caa0000,0x000000001cba0000)]
  0x000000000411d800 JavaThread "DestroyJavaVM" [_thread_blocked, id=1248, stack(0x0000000004120000,0x0000000004220000)]
=>0x000000001b00f000 JavaThread "AWT-EventQueue-0" [_thread_in_native, id=11504, stack(0x000000001bf60000,0x000000001c060000)]
  0x000000001abab000 JavaThread "AWT-Windows" daemon [_thread_in_native, id=4732, stack(0x000000001b990000,0x000000001ba90000)]
  0x000000001afd9000 JavaThread "AWT-Shutdown" [_thread_blocked, id=12236, stack(0x000000001b890000,0x000000001b990000)]
  0x000000001afd8000 JavaThread "Java2D Disposer" daemon [_thread_blocked, id=13592, stack(0x000000001b6f0000,0x000000001b7f0000)]
  0x000000001a7f0000 JavaThread "Service Thread" daemon [_thread_blocked, id=1976, stack(0x000000001abb0000,0x000000001acb0000)]
  0x0000000018e88000 JavaThread "C1 CompilerThread2" daemon [_thread_blocked, id=7084, stack(0x000000001a6b0000,0x000000001a7b0000)]
  0x0000000018e74800 JavaThread "C2 CompilerThread1" daemon [_thread_blocked, id=6048, stack(0x000000001a5b0000,0x000000001a6b0000)]
  0x0000000018e6f000 JavaThread "C2 CompilerThread0" daemon [_thread_blocked, id=12472, stack(0x000000001a4b0000,0x000000001a5b0000)]
  0x0000000018e6d000 JavaThread "Attach Listener" daemon [_thread_blocked, id=13644, stack(0x000000001a3b0000,0x000000001a4b0000)]
  0x0000000018e6c000 JavaThread "Signal Dispatcher" daemon [_thread_blocked, id=11768, stack(0x000000001a2b0000,0x000000001a3b0000)]
  0x0000000018e5a000 JavaThread "Finalizer" daemon [_thread_blocked, id=3660, stack(0x000000001a0c0000,0x000000001a1c0000)]
  0x0000000004311000 JavaThread "Reference Handler" daemon [_thread_blocked, id=4564, stack(0x0000000019fc0000,0x000000001a0c0000)]

Other Threads:
  0x0000000018e37800 VMThread [stack: 0x0000000019ec0000,0x0000000019fc0000] [id=13612]
  0x0000000018ece800 WatcherThread [stack: 0x000000001acb0000,0x000000001adb0000] [id=11736]

VM state:not at safepoint (normal execution)

VM Mutex/Monitor currently owned by a thread: None

Heap:
 PSYoungGen      total 38400K, used 27485K [0x00000000d5d80000, 0x00000000d8800000, 0x0000000100000000)
  eden space 33280K, 67% used [0x00000000d5d80000,0x00000000d73595c0,0x00000000d7e00000)
  from space 5120K, 99% used [0x00000000d7e00000,0x00000000d82fdf18,0x00000000d8300000)
  to   space 5120K, 0% used [0x00000000d8300000,0x00000000d8300000,0x00000000d8800000)
 ParOldGen       total 87552K, used 2048K [0x0000000081800000, 0x0000000086d80000, 0x00000000d5d80000)
  object space 87552K, 2% used [0x0000000081800000,0x0000000081a000a8,0x0000000086d80000)
 Metaspace       used 17094K, capacity 17292K, committed 17664K, reserved 1064960K
  class space    used 2114K, capacity 2192K, committed 2304K, reserved 1048576K

Card table byte_map: [0x00000000136e0000,0x0000000013ae0000] byte_map_base: 0x00000000132d4000

Marking Bits: (ParMarkBitMap*) 0x0000000060e8a6c0
 Begin Bits: [0x0000000014190000, 0x0000000016130000)
 End Bits:   [0x0000000016130000, 0x00000000180d0000)

Polling page: 0x0000000002520000

CodeCache: size=245760Kb used=6083Kb max_used=6083Kb free=239676Kb
 bounds [0x0000000004320000, 0x0000000004920000, 0x0000000013320000]
 total_blobs=2396 nmethods=1780 adapters=527
 compilation: enabled

Compilation events (10 events):
Event: 9.273 Thread 0x0000000018e88000 1777   !   3       javax.swing.TimerQueue::addTimer (67 bytes)
Event: 9.274 Thread 0x0000000018e88000 nmethod 1777 0x0000000004910ad0 code [0x0000000004910cc0, 0x0000000004911688]
Event: 9.281 Thread 0x0000000018e88000 1778   !   3       javax.swing.Timer::restart (42 bytes)
Event: 9.281 Thread 0x0000000018e88000 nmethod 1778 0x0000000004911ad0 code [0x0000000004911ca0, 0x0000000004912298]
Event: 9.361 Thread 0x0000000018e88000 1779       3       java.awt.AWTEventMulticaster::mouseMoved (27 bytes)
Event: 9.361 Thread 0x0000000018e88000 nmethod 1779 0x0000000004912550 code [0x00000000049126e0, 0x0000000004912bd8]
Event: 9.361 Thread 0x0000000018e88000 1780       3       javax.swing.ToolTipManager::mouseMoved (108 bytes)
Event: 9.362 Thread 0x0000000018e88000 nmethod 1780 0x0000000004912d10 code [0x0000000004912ee0, 0x0000000004913788]
Event: 9.393 Thread 0x0000000018e88000 1781       3       java.awt.event.ComponentEvent::getComponent (22 bytes)
Event: 9.393 Thread 0x0000000018e88000 nmethod 1781 0x0000000004913a10 code [0x0000000004913b80, 0x0000000004913f10]

GC Heap History (2 events):
Event: 6.630 GC heap before
{Heap before GC invocations=1 (full 0):
 PSYoungGen      total 38400K, used 33280K [0x00000000d5d80000, 0x00000000d8800000, 0x0000000100000000)
  eden space 33280K, 100% used [0x00000000d5d80000,0x00000000d7e00000,0x00000000d7e00000)
  from space 5120K, 0% used [0x00000000d8300000,0x00000000d8300000,0x00000000d8800000)
  to   space 5120K, 0% used [0x00000000d7e00000,0x00000000d7e00000,0x00000000d8300000)
 ParOldGen       total 87552K, used 0K [0x0000000081800000, 0x0000000086d80000, 0x00000000d5d80000)
  object space 87552K, 0% used [0x0000000081800000,0x0000000081800000,0x0000000086d80000)
 Metaspace       used 16773K, capacity 16940K, committed 17280K, reserved 1064960K
  class space    used 2083K, capacity 2160K, committed 2176K, reserved 1048576K
Event: 6.637 GC heap after
Heap after GC invocations=1 (full 0):
 PSYoungGen      total 38400K, used 5111K [0x00000000d5d80000, 0x00000000d8800000, 0x0000000100000000)
  eden space 33280K, 0% used [0x00000000d5d80000,0x00000000d5d80000,0x00000000d7e00000)
  from space 5120K, 99% used [0x00000000d7e00000,0x00000000d82fdf18,0x00000000d8300000)
  to   space 5120K, 0% used [0x00000000d8300000,0x00000000d8300000,0x00000000d8800000)
 ParOldGen       total 87552K, used 2048K [0x0000000081800000, 0x0000000086d80000, 0x00000000d5d80000)
  object space 87552K, 2% used [0x0000000081800000,0x0000000081a000a8,0x0000000086d80000)
 Metaspace       used 16773K, capacity 16940K, committed 17280K, reserved 1064960K
  class space    used 2083K, capacity 2160K, committed 2176K, reserved 1048576K
}

Deoptimization events (8 events):
Event: 2.791 Thread 0x000000001b00f000 Uncommon trap: reason=unstable_if action=reinterpret pc=0x00000000045f2624 method=java.util.Hashtable.get(Ljava/lang/Object;)Ljava/lang/Object; @ 48
Event: 2.833 Thread 0x000000001b00f000 Uncommon trap: reason=class_check action=maybe_recompile pc=0x00000000044ad928 method=java.lang.String.equals(Ljava/lang/Object;)Z @ 8
Event: 2.852 Thread 0x000000001b00f000 Uncommon trap: reason=class_check action=maybe_recompile pc=0x00000000044ad928 method=java.lang.String.equals(Ljava/lang/Object;)Z @ 8
Event: 2.852 Thread 0x000000001b00f000 Uncommon trap: reason=class_check action=maybe_recompile pc=0x00000000044ad928 method=java.lang.String.equals(Ljava/lang/Object;)Z @ 8
Event: 2.853 Thread 0x000000001b00f000 Uncommon trap: reason=class_check action=maybe_recompile pc=0x00000000044ad928 method=java.lang.String.equals(Ljava/lang/Object;)Z @ 8
Event: 6.091 Thread 0x000000001b00f000 Uncommon trap: reason=unstable_if action=reinterpret pc=0x000000000452b04c method=java.util.HashMap.getNode(ILjava/lang/Object;)Ljava/util/HashMap$Node; @ 62
Event: 6.091 Thread 0x000000001b00f000 Uncommon trap: reason=unstable_if action=reinterpret pc=0x00000000045220f0 method=java.util.HashMap.getNode(ILjava/lang/Object;)Ljava/util/HashMap$Node; @ 62
Event: 8.169 Thread 0x000000001b00f000 Uncommon trap: reason=unstable_if action=reinterpret pc=0x00000000048a2528 method=org.bytedeco.javacv.Java2DFrameConverter.flipCopyWithGamma(Ljava/nio/ByteBuffer;ILjava/nio/ByteBuffer;IZDZI)V @ 50

Internal exceptions (10 events):
Event: 0.197 Thread 0x000000000411d800 Exception <a 'java/security/PrivilegedActionException'> (0x00000000d5f45118) thrown at [C:\re\workspace\8-2-build-windows-amd64-cygwin\jdk8u111\7883\hotspot\src\share\vm\prims\jvm.cpp, line 1386]
Event: 0.197 Thread 0x000000000411d800 Exception <a 'java/security/PrivilegedActionException'> (0x00000000d5f45328) thrown at [C:\re\workspace\8-2-build-windows-amd64-cygwin\jdk8u111\7883\hotspot\src\share\vm\prims\jvm.cpp, line 1386]
Event: 0.227 Thread 0x000000000411d800 Exception <a 'java/security/PrivilegedActionException'> (0x00000000d5f7d208) thrown at [C:\re\workspace\8-2-build-windows-amd64-cygwin\jdk8u111\7883\hotspot\src\share\vm\prims\jvm.cpp, line 1386]
Event: 0.227 Thread 0x000000000411d800 Exception <a 'java/security/PrivilegedActionException'> (0x00000000d5f7d418) thrown at [C:\re\workspace\8-2-build-windows-amd64-cygwin\jdk8u111\7883\hotspot\src\share\vm\prims\jvm.cpp, line 1386]
Event: 0.228 Thread 0x000000000411d800 Exception <a 'java/security/PrivilegedActionException'> (0x00000000d5f81300) thrown at [C:\re\workspace\8-2-build-windows-amd64-cygwin\jdk8u111\7883\hotspot\src\share\vm\prims\jvm.cpp, line 1386]
Event: 0.229 Thread 0x000000000411d800 Exception <a 'java/security/PrivilegedActionException'> (0x00000000d5f81510) thrown at [C:\re\workspace\8-2-build-windows-amd64-cygwin\jdk8u111\7883\hotspot\src\share\vm\prims\jvm.cpp, line 1386]
Event: 0.236 Thread 0x000000000411d800 Exception <a 'java/io/FileNotFoundException'> (0x00000000d5f839d0) thrown at [C:\re\workspace\8-2-build-windows-amd64-cygwin\jdk8u111\7883\hotspot\src\share\vm\prims\jni.cpp, line 709]
Event: 0.299 Thread 0x000000000411d800 Exception <a 'java/lang/NoSuchFieldError': method resolution failed> (0x00000000d6051e70) thrown at [C:\re\workspace\8-2-build-windows-amd64-cygwin\jdk8u111\7883\hotspot\src\share\vm\prims\methodHandles.cpp, line 1146]
Event: 0.302 Thread 0x000000000411d800 Exception <a 'java/lang/NoSuchFieldError': method resolution failed> (0x00000000d605f240) thrown at [C:\re\workspace\8-2-build-windows-amd64-cygwin\jdk8u111\7883\hotspot\src\share\vm\prims\methodHandles.cpp, line 1146]
Event: 0.375 Thread 0x000000000411d800 Exception <a 'java/io/FileNotFoundException'> (0x00000000d60f39a0) thrown at [C:\re\workspace\8-2-build-windows-amd64-cygwin\jdk8u111\7883\hotspot\src\share\vm\prims\jni.cpp, line 709]

Events (10 events):
Event: 8.166 loading class java/awt/color/ICC_ProfileGray done
Event: 8.166 loading class sun/java2d/cmm/CMSManager
Event: 8.166 loading class sun/java2d/cmm/CMSManager done
Event: 8.168 Thread 0x000000001b00f000 DEOPT PACKING pc=0x00000000048acc0b sp=0x000000001c05c8c0
Event: 8.168 Thread 0x000000001b00f000 DEOPT UNPACKING pc=0x000000000436787f sp=0x000000001c05c630 mode 0
Event: 8.169 Thread 0x000000001b00f000 Uncommon trap: trap_request=0xffffff65 fr.pc=0x00000000048a2528
Event: 8.169 Thread 0x000000001b00f000 DEOPT PACKING pc=0x00000000048a2528 sp=0x000000001c05c8e0
Event: 8.170 Thread 0x000000001b00f000 DEOPT UNPACKING pc=0x000000000436582a sp=0x000000001c05c8b0 mode 2
Event: 8.171 loading class javax/swing/plaf/basic/BasicPopupMenuUI$MouseGrabber$2
Event: 8.171 loading class javax/swing/plaf/basic/BasicPopupMenuUI$MouseGrabber$2 done


Dynamic libraries:
0x00007ff746150000 - 0x00007ff746187000 	C:\Program Files\Java\jdk1.8.0_111\bin\java.exe
0x00007ff84a280000 - 0x00007ff84a460000 	C:\Windows\SYSTEM32\ntdll.dll
0x00007ff84a1a0000 - 0x00007ff84a24e000 	C:\Windows\System32\KERNEL32.DLL
0x00007ff847070000 - 0x00007ff8472d6000 	C:\Windows\System32\KERNELBASE.dll
0x00007ff849d90000 - 0x00007ff849e31000 	C:\Windows\System32\ADVAPI32.dll
0x00007ff84a0c0000 - 0x00007ff84a15d000 	C:\Windows\System32\msvcrt.dll
0x00007ff848110000 - 0x00007ff84816b000 	C:\Windows\System32\sechost.dll
0x00007ff8478f0000 - 0x00007ff847a0f000 	C:\Windows\System32\RPCRT4.dll
0x00007ff8482a0000 - 0x00007ff84842f000 	C:\Windows\System32\USER32.dll
0x00007ff847360000 - 0x00007ff847380000 	C:\Windows\System32\win32u.dll
0x00007ff8481f0000 - 0x00007ff848218000 	C:\Windows\System32\GDI32.dll
0x00007ff846dd0000 - 0x00007ff846f64000 	C:\Windows\System32\gdi32full.dll
0x00007ff847380000 - 0x00007ff84741b000 	C:\Windows\System32\msvcp_win.dll
0x00007ff846f70000 - 0x00007ff847066000 	C:\Windows\System32\ucrtbase.dll
0x00007ff835970000 - 0x00007ff835bd9000 	C:\Windows\WinSxS\amd64_microsoft.windows.common-controls_6595b64144ccf1df_6.0.16299.64_none_cc9304e22215ca8f\COMCTL32.dll
0x00007ff848430000 - 0x00007ff848738000 	C:\Windows\System32\combase.dll
0x00007ff8472e0000 - 0x00007ff847352000 	C:\Windows\System32\bcryptPrimitives.dll
0x00007ff84a170000 - 0x00007ff84a19d000 	C:\Windows\System32\IMM32.DLL
0x0000000060590000 - 0x0000000060662000 	C:\Program Files\Java\jdk1.8.0_111\jre\bin\msvcr100.dll
0x0000000060670000 - 0x0000000060f0a000 	C:\Program Files\Java\jdk1.8.0_111\jre\bin\server\jvm.dll
0x00007ff847b20000 - 0x00007ff847b28000 	C:\Windows\System32\PSAPI.DLL
0x00007ff83d920000 - 0x00007ff83d929000 	C:\Windows\SYSTEM32\WSOCK32.dll
0x00007ff848170000 - 0x00007ff8481dc000 	C:\Windows\System32\WS2_32.dll
0x00007ff8445c0000 - 0x00007ff8445e3000 	C:\Windows\SYSTEM32\WINMM.dll
0x00007ff83a4c0000 - 0x00007ff83a4ca000 	C:\Windows\SYSTEM32\VERSION.dll
0x00007ff844560000 - 0x00007ff84458a000 	C:\Windows\SYSTEM32\WINMMBASE.dll
0x00007ff847700000 - 0x00007ff84774a000 	C:\Windows\System32\cfgmgr32.dll
0x0000000060540000 - 0x000000006054f000 	C:\Program Files\Java\jdk1.8.0_111\jre\bin\verify.dll
0x0000000060510000 - 0x0000000060539000 	C:\Program Files\Java\jdk1.8.0_111\jre\bin\java.dll
0x00000000604f0000 - 0x0000000060506000 	C:\Program Files\Java\jdk1.8.0_111\jre\bin\zip.dll
0x00007ff848930000 - 0x00007ff849d67000 	C:\Windows\System32\SHELL32.dll
0x00007ff84a010000 - 0x00007ff84a0b6000 	C:\Windows\System32\shcore.dll
0x00007ff846680000 - 0x00007ff846dc7000 	C:\Windows\System32\windows.storage.dll
0x00007ff848050000 - 0x00007ff8480a1000 	C:\Windows\System32\shlwapi.dll
0x00007ff846610000 - 0x00007ff846621000 	C:\Windows\System32\kernel.appcore.dll
0x00007ff846630000 - 0x00007ff84667c000 	C:\Windows\System32\powrprof.dll
0x00007ff8465f0000 - 0x00007ff84660b000 	C:\Windows\System32\profapi.dll
0x0000000060310000 - 0x00000000604a8000 	C:\Program Files\Java\jdk1.8.0_111\jre\bin\awt.dll
0x00007ff847b30000 - 0x00007ff847bf5000 	C:\Windows\System32\OLEAUT32.dll
0x00007ff844a90000 - 0x00007ff844b17000 	C:\Windows\SYSTEM32\apphelp.dll
0x00007ff844e80000 - 0x00007ff844eaa000 	C:\Windows\system32\DWMAPI.DLL
0x00007ff844c10000 - 0x00007ff844ca5000 	C:\Windows\system32\uxtheme.dll
0x00007ff849e40000 - 0x00007ff849fa7000 	C:\Windows\System32\MSCTF.dll
0x00007ff848740000 - 0x00007ff848889000 	C:\Windows\System32\ole32.dll
0x00000000602c0000 - 0x0000000060307000 	C:\Program Files\Java\jdk1.8.0_111\jre\bin\fontmanager.dll
0x00007ff824670000 - 0x00007ff824705000 	C:\Windows\system32\RICHED20.DLL
0x00007ff83bbe0000 - 0x00007ff83bbf9000 	C:\Windows\SYSTEM32\USP10.dll
0x00007ff824630000 - 0x00007ff824668000 	C:\Windows\SYSTEM32\msls31.dll
0x00007ff848890000 - 0x00007ff84892e000 	C:\Windows\System32\clbcatq.dll
0x00007ff82cb90000 - 0x00007ff82cbdf000 	C:\Windows\system32\dataexchange.dll
0x00007ff8443e0000 - 0x00007ff844522000 	C:\Windows\system32\dcomp.dll
0x00007ff843a50000 - 0x00007ff843d32000 	C:\Windows\system32\d3d11.dll
0x00007ff845440000 - 0x00007ff8454ef000 	C:\Windows\system32\dxgi.dll
0x00007ff844fc0000 - 0x00007ff84513b000 	C:\Windows\system32\twinapi.appcore.dll
0x00007ff8460c0000 - 0x00007ff8460e5000 	C:\Windows\system32\bcrypt.dll
0x00007ff844f70000 - 0x00007ff844f90000 	C:\Windows\system32\RMCLIENT.dll
0x00000000604d0000 - 0x00000000604ea000 	C:\Program Files\Java\jdk1.8.0_111\jre\bin\net.dll
0x00007ff845e00000 - 0x00007ff845e66000 	C:\Windows\system32\mswsock.dll
0x00000000604b0000 - 0x00000000604c1000 	C:\Program Files\Java\jdk1.8.0_111\jre\bin\nio.dll
0x0000000060270000 - 0x00000000602b2000 	C:\Program Files\Java\jdk1.8.0_111\jre\bin\t2k.dll
0x00007ff83d490000 - 0x00007ff83d528000 	C:\Windows\System32\TextInputFramework.dll
0x00007ff844300000 - 0x00007ff8443dd000 	C:\Windows\System32\CoreMessaging.dll
0x00007ff841fe0000 - 0x00007ff8422ce000 	C:\Windows\System32\CoreUIComponents.dll
0x00007ff842ae0000 - 0x00007ff842c16000 	C:\Windows\SYSTEM32\wintypes.dll
0x00007ff845710000 - 0x00007ff845741000 	C:\Windows\SYSTEM32\ntmarta.dll
0x00007ff82e580000 - 0x00007ff82e626000 	C:\Windows\WinSxS\amd64_microsoft.windows.common-controls_6595b64144ccf1df_5.82.16299.64_none_e47b13aa03396f3a\comctl32.dll
0x00007ff843400000 - 0x00007ff8435b1000 	C:\Windows\SYSTEM32\PROPSYS.dll
0x00007ff83a0c0000 - 0x00007ff83a1e7000 	C:\Windows\system32\NetworkExplorer.dll
0x00007ff841890000 - 0x00007ff841e84000 	C:\Windows\System32\OneCoreUAPCommonProxyStub.dll
0x00007ff83a5f0000 - 0x00007ff83a60b000 	C:\Windows\SYSTEM32\MPR.dll
0x00007ff842ad0000 - 0x00007ff842adb000 	C:\Windows\System32\drprov.dll
0x00007ff846460000 - 0x00007ff8464b5000 	C:\Windows\System32\WINSTA.dll
0x00007ff83cf90000 - 0x00007ff83cfa6000 	C:\Windows\System32\ntlanman.dll
0x00007ff83b4e0000 - 0x00007ff83b4fc000 	C:\Windows\System32\davclnt.dll
0x00007ff83e7c0000 - 0x00007ff83e7cc000 	C:\Windows\System32\DAVHLPR.dll
0x00007ff842e60000 - 0x00007ff842e77000 	C:\Windows\System32\wkscli.dll
0x00007ff83bc10000 - 0x00007ff83bc22000 	C:\Windows\SYSTEM32\cscapi.dll
0x00007ff842d30000 - 0x00007ff842d7a000 	C:\Windows\System32\dlnashext.dll
0x00007ff837850000 - 0x00007ff8378b3000 	C:\Windows\System32\PlayToDevice.dll
0x00007ff83dee0000 - 0x00007ff83deff000 	C:\Windows\System32\DevDispItemProvider.dll
0x00007ff840480000 - 0x00007ff8404ef000 	C:\Windows\System32\MMDevApi.dll
0x00007ff846370000 - 0x00007ff846397000 	C:\Windows\System32\DEVOBJ.dll
0x00007ff832f90000 - 0x00007ff83316f000 	C:\Windows\system32\wpdshext.dll
0x00007ff8299f0000 - 0x00007ff829b8c000 	C:\Windows\WinSxS\amd64_microsoft.windows.gdiplus_6595b64144ccf1df_1.1.16299.64_none_4c5a740035ade6b7\gdiplus.dll
0x00007ff825290000 - 0x00007ff825330000 	C:\Windows\System32\PortableDeviceApi.dll
0x00007ff847c00000 - 0x00007ff84804e000 	C:\Windows\System32\SETUPAPI.dll
0x00007ff847420000 - 0x00007ff847478000 	C:\Windows\System32\WINTRUST.dll
0x00007ff8465d0000 - 0x00007ff8465e2000 	C:\Windows\System32\MSASN1.dll
0x00007ff847480000 - 0x00007ff84764e000 	C:\Windows\System32\CRYPT32.dll
0x00007ff8290c0000 - 0x00007ff8290f6000 	C:\Windows\System32\EhStorShell.dll
0x00007ff837f00000 - 0x00007ff837f25000 	C:\Windows\System32\EhStorAPI.dll
0x00007ff8433e0000 - 0x00007ff8433f3000 	C:\Windows\System32\WTSAPI32.dll
0x00007ff83cd30000 - 0x00007ff83cd40000 	C:\Windows\SYSTEM32\LINKINFO.dll
0x00007ff842410000 - 0x00007ff8425bb000 	C:\Windows\SYSTEM32\WindowsCodecs.dll
0x00007ff8377a0000 - 0x00007ff8377f1000 	C:\Users\FliaMejias\.javacpp\cache\opencv-windows-x86_64.jar\org\bytedeco\javacpp\windows-x86_64\concrt140.dll
0x00007ff837430000 - 0x00007ff8374ce000 	C:\Windows\SYSTEM32\MSVCP140.dll
0x00007ff837830000 - 0x00007ff837847000 	C:\Windows\SYSTEM32\VCRUNTIME140.dll
0x00007ff8464c0000 - 0x00007ff8464cb000 	C:\Windows\SYSTEM32\CRYPTBASE.DLL
0x00007ff831d70000 - 0x00007ff831e0d000 	C:\Users\FliaMejias\.javacpp\cache\opencv-windows-x86_64.jar\org\bytedeco\javacpp\windows-x86_64\msvcp140.dll
0x00007ff837740000 - 0x00007ff837757000 	C:\Users\FliaMejias\.javacpp\cache\opencv-windows-x86_64.jar\org\bytedeco\javacpp\windows-x86_64\vcruntime140.dll
0x000000001de10000 - 0x000000001de13000 	C:\Users\FliaMejias\.javacpp\cache\opencv-windows-x86_64.jar\org\bytedeco\javacpp\windows-x86_64\api-ms-win-crt-locale-l1-1-0.dll
0x000000001de20000 - 0x000000001de24000 	C:\Users\FliaMejias\.javacpp\cache\opencv-windows-x86_64.jar\org\bytedeco\javacpp\windows-x86_64\api-ms-win-crt-string-l1-1-0.dll
0x000000001de30000 - 0x000000001de34000 	C:\Users\FliaMejias\.javacpp\cache\opencv-windows-x86_64.jar\org\bytedeco\javacpp\windows-x86_64\api-ms-win-crt-stdio-l1-1-0.dll
0x000000001de40000 - 0x000000001de45000 	C:\Users\FliaMejias\.javacpp\cache\opencv-windows-x86_64.jar\org\bytedeco\javacpp\windows-x86_64\api-ms-win-crt-math-l1-1-0.dll
0x000000001de50000 - 0x000000001de53000 	C:\Users\FliaMejias\.javacpp\cache\opencv-windows-x86_64.jar\org\bytedeco\javacpp\windows-x86_64\api-ms-win-crt-heap-l1-1-0.dll
0x000000001de60000 - 0x000000001de64000 	C:\Users\FliaMejias\.javacpp\cache\opencv-windows-x86_64.jar\org\bytedeco\javacpp\windows-x86_64\api-ms-win-crt-runtime-l1-1-0.dll
0x000000001de70000 - 0x000000001de74000 	C:\Users\FliaMejias\.javacpp\cache\opencv-windows-x86_64.jar\org\bytedeco\javacpp\windows-x86_64\api-ms-win-crt-convert-l1-1-0.dll
0x000000001de80000 - 0x000000001de83000 	C:\Users\FliaMejias\.javacpp\cache\opencv-windows-x86_64.jar\org\bytedeco\javacpp\windows-x86_64\api-ms-win-crt-environment-l1-1-0.dll
0x000000001de90000 - 0x000000001de93000 	C:\Users\FliaMejias\.javacpp\cache\opencv-windows-x86_64.jar\org\bytedeco\javacpp\windows-x86_64\api-ms-win-crt-time-l1-1-0.dll
0x000000001dea0000 - 0x000000001dea3000 	C:\Users\FliaMejias\.javacpp\cache\opencv-windows-x86_64.jar\org\bytedeco\javacpp\windows-x86_64\api-ms-win-crt-filesystem-l1-1-0.dll
0x000000001deb0000 - 0x000000001deb3000 	C:\Users\FliaMejias\.javacpp\cache\opencv-windows-x86_64.jar\org\bytedeco\javacpp\windows-x86_64\api-ms-win-crt-utility-l1-1-0.dll
0x000000001dec0000 - 0x000000001dec5000 	C:\Users\FliaMejias\.javacpp\cache\opencv-windows-x86_64.jar\org\bytedeco\javacpp\windows-x86_64\api-ms-win-crt-multibyte-l1-1-0.dll
0x00007ff817b00000 - 0x00007ff817e04000 	C:\Users\FliaMejias\.javacpp\cache\opencv-windows-x86_64.jar\org\bytedeco\javacpp\windows-x86_64\opencv_core341.dll
0x00007ff8176f0000 - 0x00007ff817af5000 	C:\Users\FliaMejias\.javacpp\cache\opencv-windows-x86_64.jar\org\bytedeco\javacpp\windows-x86_64\opencv_imgproc341.dll
0x00007ff814b40000 - 0x00007ff814ece000 	C:\Users\FliaMejias\.javacpp\cache\opencv-windows-x86_64.jar\org\bytedeco\javacpp\windows-x86_64\jniopencv_core.dll
0x00007ff823470000 - 0x00007ff8235c6000 	C:\Users\FliaMejias\.javacpp\cache\opencv-windows-x86_64.jar\org\bytedeco\javacpp\windows-x86_64\jniopencv_imgproc.dll
0x00007ff817420000 - 0x00007ff8176ef000 	C:\Users\FliaMejias\.javacpp\cache\opencv-windows-x86_64.jar\org\bytedeco\javacpp\windows-x86_64\opencv_imgcodecs341.dll
0x00007ff833440000 - 0x00007ff833474000 	C:\Users\FliaMejias\.javacpp\cache\opencv-windows-x86_64.jar\org\bytedeco\javacpp\windows-x86_64\jniopencv_imgcodecs.dll
0x00007ff82b4e0000 - 0x00007ff82b6a8000 	C:\Windows\SYSTEM32\dbghelp.dll

VM Arguments:
jvm_args: -Dfile.encoding=UTF-8 
java_command: IEv2.IEv2
java_class_path (initial): C:\Users\FliaMejias\Desktop\IEv2\resources\javaCV\artoolkitplus-windows-x86.jar;C:\Users\FliaMejias\Desktop\IEv2\resources\javaCV\artoolkitplus-windows-x86_64.jar;C:\Users\FliaMejias\Desktop\IEv2\resources\javaCV\ffmpeg-windows-x86.jar;C:\Users\FliaMejias\Desktop\IEv2\resources\javaCV\ffmpeg-windows-x86_64.jar;C:\Users\FliaMejias\Desktop\IEv2\resources\javaCV\flandmark-windows-x86.jar;C:\Users\FliaMejias\Desktop\IEv2\resources\javaCV\flandmark-windows-x86_64.jar;C:\Users\FliaMejias\Desktop\IEv2\resources\javaCV\flycapture-windows-x86.jar;C:\Users\FliaMejias\Desktop\IEv2\resources\javaCV\flycapture-windows-x86_64.jar;C:\Users\FliaMejias\Desktop\IEv2\resources\javaCV\javacpp.jar;C:\Users\FliaMejias\Desktop\IEv2\resources\javaCV\javacv-platform.jar;C:\Users\FliaMejias\Desktop\IEv2\resources\javaCV\javacv.jar;C:\Users\FliaMejias\Desktop\IEv2\resources\javaCV\libdc1394-windows-x86.jar;C:\Users\FliaMejias\Desktop\IEv2\resources\javaCV\libdc1394-windows-x86_64.jar;C:\Users\FliaMejias\Desktop\IEv2\resources\javaCV\libfreenect-windows-x86.jar;C:\Users\FliaMejias\Desktop\IEv2\resources\javaCV\libfreenect-windows-x86_64.jar;C:\Users\FliaMejias\Desktop\IEv2\resources\javaCV\libfreenect2-windows-x86_64.jar;C:\Users\FliaMejias\Desktop\IEv2\resources\javaCV\librealsense-windows-x86.jar;C:\Users\FliaMejias\Desktop\IEv2\resources\javaCV\librealsense-windows-x86_64.jar;C:\Users\FliaMejias\Desktop\IEv2\resources\javaCV\opencv-platform.jar;C:\Users\FliaMejias\Desktop\IEv2\resources\javaCV\opencv-windows-x86.jar;C:\Users\FliaMejias\Desktop\IEv2\resources\javaCV\opencv-windows-x86_64.jar;C:\Users\FliaMejias\Desktop\IEv2\resources\javaCV\opencv.jar;C:\Users\FliaMejias\Desktop\IEv2\resources\javaCV\videoinput-windows-x86.jar;C:\Users\FliaMejias\Desktop\IEv2\build\classes
Launcher Type: SUN_STANDARD

Environment Variables:
PATH=C:\Program Files (x86)\Common Files\Oracle\Java\javapath;C:\ProgramData\Oracle\Java\javapath;C:\Windows\system32;C:\Windows;C:\Windows\System32\Wbem;C:\Windows\System32\WindowsPowerShell\v1.0\;C:\Program Files\Git\cmd;C:\Program Files\nodejs\;C:\xampp\php;C:\ProgramData\ComposerSetup\bin;C:\Users\FliaMejias\AppData\Local\Microsoft\WindowsApps;C:\Program Files\Microsoft VS Code\bin;C:\Users\FliaMejias\AppData\Roaming\npm;C:\cygwin64\bin;C:\Users\FliaMejias\AppData\Roaming\Composer\vendor\bin
USERNAME=FliaMejias
OS=Windows_NT
PROCESSOR_IDENTIFIER=Intel64 Family 6 Model 58 Stepping 9, GenuineIntel



---------------  S Y S T E M  ---------------

OS: Windows 10.0 , 64 bit Build 16299 (10.0.16299.15)

CPU:total 4 (2 cores per cpu, 2 threads per core) family 6 model 58 stepping 9, cmov, cx8, fxsr, mmx, sse, sse2, sse3, ssse3, sse4.1, sse4.2, popcnt, avx, clmul, erms, ht, tsc, tscinvbit, tscinv

Memory: 4k page, physical 8282888k(2547200k free), swap 17544644k(7428200k free)

vm_info: Java HotSpot(TM) 64-Bit Server VM (25.111-b14) for windows-amd64 JRE (1.8.0_111-b14), built on Sep 22 2016 19:24:05 by "java_re" with MS VC++ 10.0 (VS2010)

time: Sun May 13 21:34:17 2018
elapsed time: 9 seconds (0d 0h 0m 9s)

